objc[14564]: Class VCWeakObjectHolder is implemented in both /Applications/Xcode.app/Contents/Developer/Platforms/iPhoneOS.platform/Developer/Library/CoreSimulator/Profiles/Runtimes/iOS.simruntime/Contents/Resources/RuntimeRoot/System/Library/PrivateFrameworks/AVConference.framework/Frameworks/ViceroyTrace.framework/ViceroyTrace (0x12e54c4d0) and /Applications/Xcode.app/Contents/Developer/Platforms/iPhoneOS.platform/Developer/Library/CoreSimulator/Profiles/Runtimes/iOS.simruntime/Contents/Resources/RuntimeRoot/System/Library/PrivateFrameworks/AVConference.framework/AVConference (0x12e3cce38). One of the two will be used. Which one is undefined.
2018-04-18 18:17:28.893 twitterstats[14564:2495001] Notification Scheduled: <UNNotificationRequest: 0x600000632f80; identifier: customNotification, content: <UNNotificationContent: 0x600000108ca0; title: Title, subtitle: Subtitle, body: Body, categoryIdentifier: notification, launchImageName: , peopleIdentifiers: (
), threadIdentifier: , attachments: (
), badge: 1, sound: <UNNotificationSound: 0x6040000b3b00>, hasDefaultAction: YES, defaultActionTitle: (null), shouldAddToNotificationsList: YES, shouldAlwaysAlertWhileAppIsForeground: NO, shouldLockDevice: NO, shouldPauseMedia: NO, isSnoozeable: NO, fromSnooze: NO, darwinNotificationName: (null), darwinSnoozedNotificationName: (null), trigger: <UNTimeIntervalNotificationTrigger: 0x604000a22d80; repeats: NO, timeInterval: 5.000000>>
2018-04-18 18:17:41.657 twitterstats[14564:2494983] *** Assertion failure in -[UNTimeIntervalNotificationTrigger _initWithTimeInterval:repeats:], /BuildRoot/Library/Caches/com.apple.xbs/Sources/UserNotifications_Sim/UserNotifications-159.3.1/UNNotificationTrigger.m:528
2018-04-18 18:17:41.678 twitterstats[14564:2494983] 
Unhandled Exception:
Foundation.MonoTouchException: Objective-C exception thrown.  Name: NSInternalInconsistencyException Reason: time interval must be at least 60 if repeating
Native stack trace:
	0   CoreFoundation                      0x0000000114f281e6 __exceptionPreprocess + 294
	1   libobjc.A.dylib                     0x0000000115c0c031 objc_exception_throw + 48
	2   CoreFoundation                      0x0000000114f2d472 +[NSException raise:format:arguments:] + 98
	3   Foundation                          0x000000010b048652 -[NSAssertionHandler handleFailureInMethod:object:file:lineNumber:description:] + 193
	4   UserNotifications                   0x0000000114869e7f -[UNTimeIntervalNotificationTrigger _initWithTimeInterval:repeats:] + 277
	5   UserNotifications                   0x0000000114869d5a +[UNTimeIntervalNotificationTrigger triggerWithTimeInterval:repeats:] + 56
	6   ???                                 0x000000013425dfaa 0x0 + 5169864618

  at ObjCRuntime.Runtime.ThrowNSException (System.IntPtr ns_exception) [0x0000b] in <0a1f753a89814f48b3664aa368375dde>:0 
  at ObjCRuntime.Runtime.throw_ns_exception (System.IntPtr exc) [0x00000] in <0a1f753a89814f48b3664aa368375dde>:0 
  at (wrapper native-to-managed) ObjCRuntime.Runtime.throw_ns_exception(intptr)
--- End of stack trace from previous location where exception was thrown ---
  at (wrapper managed-to-native) ObjCRuntime.Messaging.IntPtr_objc_msgSend_Double_bool(intptr,intptr,double,bool)
  at UserNotifications.UNTimeIntervalNotificationTrigger.CreateTrigger (System.Double timeInterval, System.Boolean repeats) [0x0000f] in <0a1f753a89814f48b3664aa368375dde>:0 
  at twitterstats.AppDelegate.DidEnterBackground (UIKit.UIApplication application) [0x00033] in <218a908191b84c168a931965e77a506b>:0 
--- End of stack trace from previous location where exception was thrown ---
  at (wrapper managed-to-native) UIKit.UIApplication.UIApplicationMain(int,string[],intptr,intptr)
  at UIKit.UIApplication.Main (System.String[] args, System.IntPtr principal, System.IntPtr delegate) [0x00005] in <0a1f753a89814f48b3664aa368375dde>:0 
  at UIKit.UIApplication.Main (System.String[] args, System.String principalClassName, System.String delegateClassName) [0x00038] in <0a1f753a89814f48b3664aa368375dde>:0 
  at twitterstats.Application.Main (System.String[] args) [0x00000] in <218a908191b84c168a931965e77a506b>:0 	0   CoreFoundation                      0x0000000114f281e6 __exceptionPreprocess + 294
	1   libobjc.A.dylib                     0x0000000115c0c031 objc_exception_throw + 48
	2   CoreFoundation                      0x0000000114f2d472 +[NSException raise:format:arguments:] + 98
	3   Foundation                          0x000000010b048652 -[NSAssertionHandler handleFailureInMethod:object:file:lineNumber:description:] + 193
	4   UserNotifications                   0x0000000114869e7f -[UNTimeIntervalNotificationTrigger _initWithTimeInterval:repeats:] + 277
	5   UserNotifications                   0x0000000114869d5a +[UNTimeIntervalNotificationTrigger triggerWithTimeInterval:repeats:] + 56
	6   ???                                 0x000000013425dfaa 0x0 + 5169864618

2018-04-18 18:17:41.683 twitterstats[14564:2494983] Unhandled managed exception:
Objective-C exception thrown.  Name: NSInternalInconsistencyException Reason: time interval must be at least 60 if repeating
Native stack trace:
	0   CoreFoundation                      0x0000000114f281e6 __exceptionPreprocess + 294
	1   libobjc.A.dylib                     0x0000000115c0c031 objc_exception_throw + 48
	2   CoreFoundation                      0x0000000114f2d472 +[NSException raise:format:arguments:] + 98
	3   Foundation                          0x000000010b048652 -[NSAssertionHandler handleFailureInMethod:object:file:lineNumber:description:] + 193
	4   UserNotifications                   0x0000000114869e7f -[UNTimeIntervalNotificationTrigger _initWithTimeInterval:repeats:] + 277
	5   UserNotifications                   0x0000000114869d5a +[UNTimeIntervalNotificationTrigger triggerWithTimeInterval:repeats:] + 56
	6   ???                                 0x000000013425dfaa 0x0 + 5169864618
 (Foundation.MonoTouchException)
  at ObjCRuntime.Runtime.ThrowNSException (System.IntPtr ns_exception) [0x0000b] in <0a1f753a89814f48b3664aa368375dde>:0 
  at ObjCRuntime.Runtime.throw_ns_exception (System.IntPtr exc) [0x00000] in <0a1f753a89814f48b3664aa368375dde>:0 
  at (wrapper native-to-managed) ObjCRuntime.Runtime.throw_ns_exception(intptr)
--- End of stack trace from previous location where exception was thrown ---
  at (wrapper managed-to-native) ObjCRuntime.Messaging.IntPtr_objc_msgSend_Double_bool(intptr,intptr,double,bool)
  at UserNotifications.UNTimeIntervalNotificationTrigger.CreateTrigger (System.Double timeInterval, System.Boolean repeats) [0x0000f] in <0a1f753a89814f48b3664aa368375dde>:0 
  at twitterstats.AppDelegate.DidEnterBackground (UIKit.UIApplication application) [0x00033] in <218a908191b84c168a931965e77a506b>:0 
--- End of stack trace from previous location where exception was thrown ---
  at (wrapper managed-to-native) UIKit.UIApplication.UIApplicationMain(int,string[],intptr,intptr)
  at UIKit.UIApplication.Main (System.String[] args, System.IntPtr principal, System.IntPtr delegate) [0x00005] in <0a1f753a89814f48b3664aa368375dde>:0 
  at UIKit.UIApplication.Main (System.String[] args, System.String principalClassName, System.String delegateClassName) [0x00038] in <0a1f753a89814f48b3664aa368375dde>:0 
  at twitterstats.Application.Main (System.String[] args) [0x00000] in <218a908191b84c168a931965e77a506b>:0 
2018-04-18 18:17:41.683 twitterstats[14564:2494983] critical: Stacktrace:

2018-04-18 18:17:41.683 twitterstats[14564:2494983] critical: 
Native stacktrace:

2018-04-18 18:17:41.689 twitterstats[14564:2494983] critical: 	0   twitterstats                        0x0000000106553e74 mono_handle_native_crash + 244
2018-04-18 18:17:41.689 twitterstats[14564:2494983] critical: 	1   libsystem_platform.dylib            0x00000001172faf5a _sigtramp + 26
2018-04-18 18:17:41.689 twitterstats[14564:2494983] critical: 	2   ???                                 0x0000000106ab1b0a 0x0 + 4406844170
2018-04-18 18:17:41.689 twitterstats[14564:2494983] critical: 	3   libsystem_c.dylib                   0x0000000116f30c97 abort + 127
2018-04-18 18:17:41.689 twitterstats[14564:2494983] critical: 	4   twitterstats                        0x00000001066fe932 xamarin_unhandled_exception_handler + 34
2018-04-18 18:17:41.690 twitterstats[14564:2494983] critical: 	5   twitterstats                        0x00000001065ba734 mono_invoke_unhandled_exception_hook + 148
2018-04-18 18:17:41.690 twitterstats[14564:2494983] critical: 	6   twitterstats                        0x0000000106553c33 mono_handle_exception_internal + 5955
2018-04-18 18:17:41.690 twitterstats[14564:2494983] critical: 	7   twitterstats                        0x00000001065524e9 mono_handle_exception + 25
2018-04-18 18:17:41.690 twitterstats[14564:2494983] critical: 	8   twitterstats                        0x00000001064d512f mono_amd64_throw_exception + 143
2018-04-18 18:17:41.690 twitterstats[14564:2494983] critical: 	9   ???                                 0x000000012fa08827 0x0 + 5094017063
2018-04-18 18:17:41.690 twitterstats[14564:2494983] critical: 	10  twitterstats                        0x00000001067040cb xamarin_invoke_trampoline + 3691
2018-04-18 18:17:41.690 twitterstats[14564:2494983] critical: 	11  twitterstats                        0x0000000106705cae xamarin_arch_trampoline + 78
2018-04-18 18:17:41.691 twitterstats[14564:2494983] critical: 	12  twitterstats                        0x0000000106706832 xamarin_x86_64_common_trampoline + 110
2018-04-18 18:17:41.691 twitterstats[14564:2494983] critical: 	13  UIKit                               0x0000000107552f75 __47-[UIApplication _applicationDidEnterBackground]_block_invoke + 55
2018-04-18 18:17:41.691 twitterstats[14564:2494983] critical: 	14  UIKit                               0x00000001076ffedf +[UIViewController _performWithoutDeferringTransitions:] + 98
2018-04-18 18:17:41.691 twitterstats[14564:2494983] critical: 	15  UIKit                               0x0000000107552ee2 -[UIApplication _applicationDidEnterBackground] + 92
2018-04-18 18:17:41.691 twitterstats[14564:2494983] critical: 	16  UIKit                               0x000000010790dd5b -[__UICanvasLifecycleMonitor_Compatability deactivateEventsOnly:withContext:forceExit:completion:] + 963
2018-04-18 18:17:41.691 twitterstats[14564:2494983] critical: 	17  UIKit                               0x000000010827e524 __82-[_UIApplicationCanvas _transitionLifecycleStateWithTransitionContext:completion:]_block_invoke + 379
2018-04-18 18:17:41.691 twitterstats[14564:2494983] critical: 	18  UIKit                               0x000000010827e36e -[_UIApplicationCanvas _transitionLifecycleStateWithTransitionContext:completion:] + 433
2018-04-18 18:17:41.692 twitterstats[14564:2494983] critical: 	19  UIKit                               0x0000000107f6262d __125-[_UICanvasLifecycleSettingsDiffAction performActionsForCanvas:withUpdatedScene:settingsDiff:fromSettings:transitionContext:]_block_invoke + 221
2018-04-18 18:17:41.692 twitterstats[14564:2494983] critical: 	20  UIKit                               0x000000010815d387 _performActionsWithDelayForTransitionContext + 100
2018-04-18 18:17:41.692 twitterstats[14564:2494983] critical: 	21  UIKit                               0x0000000107f624f7 -[_UICanvasLifecycleSettingsDiffAction performActionsForCanvas:withUpdatedScene:settingsDiff:fromSettings:transitionContext:] + 223
2018-04-18 18:17:41.692 twitterstats[14564:2494983] critical: 	22  UIKit                               0x0000000107cdefb0 -[_UICanvas scene:didUpdateWithDiff:transitionContext:completion:] + 392
2018-04-18 18:17:41.692 twitterstats[14564:2494983] critical: 	23  UIKit                               0x0000000107b1bf89 -[UIApplicationSceneClientAgent scene:handleEvent:withCompletion:] + 502
2018-04-18 18:17:41.692 twitterstats[14564:2494983] critical: 	24  FrontBoardServices                  0x000000011ac8ad2d __80-[FBSSceneImpl updater:didUpdateSettings:withDiff:transitionContext:completion:]_block_invoke.362 + 198
2018-04-18 18:17:41.693 twitterstats[14564:2494983] critical: 	25  libdispatch.dylib                   0x0000000116de9779 _dispatch_client_callout + 8
2018-04-18 18:17:41.693 twitterstats[14564:2494983] critical: 	26  libdispatch.dylib                   0x0000000116dee931 _dispatch_block_invoke_direct + 317
2018-04-18 18:17:41.693 twitterstats[14564:2494983] critical: 	27  FrontBoardServices                  0x000000011acbe470 __FBSSERIALQUEUE_IS_CALLING_OUT_TO_A_BLOCK__ + 24
2018-04-18 18:17:41.694 twitterstats[14564:2494983] critical: 	28  FrontBoardServices                  0x000000011acbe12e -[FBSSerialQueue _performNext] + 439
2018-04-18 18:17:41.695 twitterstats[14564:2494983] critical: 	29  FrontBoardServices                  0x000000011acbe68e -[FBSSerialQueue _performNextFromRunLoopSource] + 45
2018-04-18 18:17:41.695 twitterstats[14564:2494983] critical: 	30  CoreFoundation                      0x0000000114ecabb1 __CFRUNLOOP_IS_CALLING_OUT_TO_A_SOURCE0_PERFORM_FUNCTION__ + 17
2018-04-18 18:17:41.695 twitterstats[14564:2494983] critical: 	31  CoreFoundation                      0x0000000114eaf4af __CFRunLoopDoSources0 + 271
2018-04-18 18:17:41.695 twitterstats[14564:2494983] critical: 	32  CoreFoundation                      0x0000000114eaea6f __CFRunLoopRun + 1263
2018-04-18 18:17:41.695 twitterstats[14564:2494983] critical: 	33  CoreFoundation                      0x0000000114eae30b CFRunLoopRunSpecific + 635
2018-04-18 18:17:41.695 twitterstats[14564:2494983] critical: 	34  GraphicsServices                    0x000000011862ca73 GSEventRunModal + 62
2018-04-18 18:17:41.696 twitterstats[14564:2494983] critical: 	35  UIKit                               0x000000010754c0b7 UIApplicationMain + 159
2018-04-18 18:17:41.696 twitterstats[14564:2494983] critical: 	36  ???                                 0x0000000132043a43 0x0 + 5134105155
2018-04-18 18:17:41.696 twitterstats[14564:2494983] critical: 	37  ???                                 0x00000001320438a3 0x0 + 5134104739
2018-04-18 18:17:41.696 twitterstats[14564:2494983] critical: 
=================================================================
Got a SIGABRT while executing native code. This usually indicates
a fatal error in the mono runtime or one of the native libraries 
used by your application.
=================================================================

